<?xml version="1.0" encoding="UTF-8"?>
<testng-results ignored="0" total="1" passed="1" failed="0" skipped="0">
  <reporter-output>
  </reporter-output>
  <suite started-at="2020-10-31T12:51:37 EDT" name="Default suite" finished-at="2020-10-31T12:51:45 EDT" duration-ms="7816">
    <groups>
    </groups>
    <test started-at="2020-10-31T12:51:37 EDT" name="Default test" finished-at="2020-10-31T12:51:45 EDT" duration-ms="7816">
      <class name="com.ohrm.test.LoginTest">
        <test-method is-config="true" signature="setUP()[pri:0, instance:com.ohrm.test.LoginTest@71b1176b]" started-at="2020-10-31T12:51:37 EDT" name="setUP" finished-at="2020-10-31T12:51:43 EDT" duration-ms="5952" status="PASS">
          <reporter-output>
          </reporter-output>
        </test-method> <!-- setUP -->
        <test-method signature="login()[pri:0, instance:com.ohrm.test.LoginTest@71b1176b]" started-at="2020-10-31T12:51:43 EDT" name="login" finished-at="2020-10-31T12:51:45 EDT" duration-ms="1790" status="PASS">
          <reporter-output>
          </reporter-output>
        </test-method> <!-- login -->
      </class> <!-- com.ohrm.test.LoginTest -->
    </test> <!-- Default test -->
  </suite> <!-- Default suite -->
</testng-results>
